This is pdfTeX, Version 3.1415926-2.4-1.40.13 (MiKTeX 2.9) (preloaded format=pdflatex 2013.12.19)  19 FEB 2014 19:22
entering extended mode
**F-DDD-2014-V1.tex

("C:\Users\larsn_000\Documents\GitHub\docs\Detailed Design Description (DDD)\F-
DDD-2014-V1.tex"
LaTeX2e <2011/06/27>
Babel <v3.8m> and hyphenation patterns for english, afrikaans, ancientgreek, ar
abic, armenian, assamese, basque, bengali, bokmal, bulgarian, catalan, coptic, 
croatian, czech, danish, dutch, esperanto, estonian, farsi, finnish, french, ga
lician, german, german-x-2012-05-30, greek, gujarati, hindi, hungarian, iceland
ic, indonesian, interlingua, irish, italian, kannada, kurmanji, latin, latvian,
 lithuanian, malayalam, marathi, mongolian, mongolianlmc, monogreek, ngerman, n
german-x-2012-05-30, nynorsk, oriya, panjabi, pinyin, polish, portuguese, roman
ian, russian, sanskrit, serbian, slovak, slovenian, spanish, swedish, swissgerm
an, tamil, telugu, turkish, turkmen, ukenglish, ukrainian, uppersorbian, usengl
ishmax, welsh, loaded.
("C:\Program Files (x86)\MiKTeX 2.9\tex\latex\base\article.cls"
Document Class: article 2007/10/19 v1.4h Standard LaTeX document class
("C:\Program Files (x86)\MiKTeX 2.9\tex\latex\base\size11.clo"
File: size11.clo 2007/10/19 v1.4h Standard LaTeX file (size option)
)
\c@part=\count79
\c@section=\count80
\c@subsection=\count81
\c@subsubsection=\count82
\c@paragraph=\count83
\c@subparagraph=\count84
\c@figure=\count85
\c@table=\count86
\abovecaptionskip=\skip41
\belowcaptionskip=\skip42
\bibindent=\dimen102
)
("C:\Program Files (x86)\MiKTeX 2.9\tex\latex\amsfonts\amssymb.sty"
Package: amssymb 2013/01/14 v3.01 AMS font symbols

("C:\Program Files (x86)\MiKTeX 2.9\tex\latex\amsfonts\amsfonts.sty"
Package: amsfonts 2013/01/14 v3.01 Basic AMSFonts support
\@emptytoks=\toks14
\symAMSa=\mathgroup4
\symAMSb=\mathgroup5
LaTeX Font Info:    Overwriting math alphabet `\mathfrak' in version `bold'
(Font)                  U/euf/m/n --> U/euf/b/n on input line 106.
))
("C:\Program Files (x86)\MiKTeX 2.9\tex\latex\amsmath\amsmath.sty"
Package: amsmath 2013/01/14 v2.14 AMS math features
\@mathmargin=\skip43

For additional information on amsmath, use the `?' option.
("C:\Program Files (x86)\MiKTeX 2.9\tex\latex\amsmath\amstext.sty"
Package: amstext 2000/06/29 v2.01

("C:\Program Files (x86)\MiKTeX 2.9\tex\latex\amsmath\amsgen.sty"
File: amsgen.sty 1999/11/30 v2.0
\@emptytoks=\toks15
\ex@=\dimen103
))
("C:\Program Files (x86)\MiKTeX 2.9\tex\latex\amsmath\amsbsy.sty"
Package: amsbsy 1999/11/29 v1.2d
\pmbraise@=\dimen104
)
("C:\Program Files (x86)\MiKTeX 2.9\tex\latex\amsmath\amsopn.sty"
Package: amsopn 1999/12/14 v2.01 operator names
)
\inf@bad=\count87
LaTeX Info: Redefining \frac on input line 210.
\uproot@=\count88
\leftroot@=\count89
LaTeX Info: Redefining \overline on input line 306.
\classnum@=\count90
\DOTSCASE@=\count91
LaTeX Info: Redefining \ldots on input line 378.
LaTeX Info: Redefining \dots on input line 381.
LaTeX Info: Redefining \cdots on input line 466.
\Mathstrutbox@=\box26
\strutbox@=\box27
\big@size=\dimen105
LaTeX Font Info:    Redeclaring font encoding OML on input line 566.
LaTeX Font Info:    Redeclaring font encoding OMS on input line 567.
\macc@depth=\count92
\c@MaxMatrixCols=\count93
\dotsspace@=\muskip10
\c@parentequation=\count94
\dspbrk@lvl=\count95
\tag@help=\toks16
\row@=\count96
\column@=\count97
\maxfields@=\count98
\andhelp@=\toks17
\eqnshift@=\dimen106
\alignsep@=\dimen107
\tagshift@=\dimen108
\tagwidth@=\dimen109
\totwidth@=\dimen110
\lineht@=\dimen111
\@envbody=\toks18
\multlinegap=\skip44
\multlinetaggap=\skip45
\mathdisplay@stack=\toks19
LaTeX Info: Redefining \[ on input line 2665.
LaTeX Info: Redefining \] on input line 2666.
)
("C:\Program Files (x86)\MiKTeX 2.9\tex\latex\amscls\amsthm.sty"
Package: amsthm 2004/08/06 v2.20
\thm@style=\toks20
\thm@bodyfont=\toks21
\thm@headfont=\toks22
\thm@notefont=\toks23
\thm@headpunct=\toks24
\thm@preskip=\skip46
\thm@postskip=\skip47
\thm@headsep=\skip48
\dth@everypar=\toks25
)
("C:\Program Files (x86)\MiKTeX 2.9\tex\latex\graphics\graphicx.sty"
Package: graphicx 1999/02/16 v1.0f Enhanced LaTeX Graphics (DPC,SPQR)

("C:\Program Files (x86)\MiKTeX 2.9\tex\latex\graphics\keyval.sty"
Package: keyval 1999/03/16 v1.13 key=value parser (DPC)
\KV@toks@=\toks26
)
("C:\Program Files (x86)\MiKTeX 2.9\tex\latex\graphics\graphics.sty"
Package: graphics 2009/02/05 v1.0o Standard LaTeX Graphics (DPC,SPQR)

("C:\Program Files (x86)\MiKTeX 2.9\tex\latex\graphics\trig.sty"
Package: trig 1999/03/16 v1.09 sin cos tan (DPC)
)
("C:\Program Files (x86)\MiKTeX 2.9\tex\latex\00miktex\graphics.cfg"
File: graphics.cfg 2007/01/18 v1.5 graphics configuration of teTeX/TeXLive
)
Package graphics Info: Driver file: pdftex.def on input line 91.

("C:\Program Files (x86)\MiKTeX 2.9\tex\latex\pdftex-def\pdftex.def"
File: pdftex.def 2011/05/27 v0.06d Graphics/color for pdfTeX

("C:\Program Files (x86)\MiKTeX 2.9\tex\generic\oberdiek\infwarerr.sty"
Package: infwarerr 2010/04/08 v1.3 Providing info/warning/error messages (HO)
)
("C:\Program Files (x86)\MiKTeX 2.9\tex\generic\oberdiek\ltxcmds.sty"
Package: ltxcmds 2011/11/09 v1.22 LaTeX kernel commands for general use (HO)
)
\Gread@gobject=\count99
))
\Gin@req@height=\dimen112
\Gin@req@width=\dimen113
)
("C:\Program Files (x86)\MiKTeX 2.9\tex\latex\rotating\rotating.sty"
Package: rotating 2009/03/28 v2.16a rotated objects in LaTeX

("C:\Program Files (x86)\MiKTeX 2.9\tex\latex\base\ifthen.sty"
Package: ifthen 2001/05/26 v1.1c Standard LaTeX ifthen package (DPC)
)
\c@r@tfl@t=\count100
\rotFPtop=\skip49
\rotFPbot=\skip50
\rot@float@box=\box28
\rot@mess@toks=\toks27
)
("C:\Program Files (x86)\MiKTeX 2.9\tex\latex\booktabs\booktabs.sty"
Package: booktabs 2005/04/14 v1.61803 publication quality tables
\heavyrulewidth=\dimen114
\lightrulewidth=\dimen115
\cmidrulewidth=\dimen116
\belowrulesep=\dimen117
\belowbottomsep=\dimen118
\aboverulesep=\dimen119
\abovetopsep=\dimen120
\cmidrulesep=\dimen121
\cmidrulekern=\dimen122
\defaultaddspace=\dimen123
\@cmidla=\count101
\@cmidlb=\count102
\@aboverulesep=\dimen124
\@belowrulesep=\dimen125
\@thisruleclass=\count103
\@lastruleclass=\count104
\@thisrulewidth=\dimen126
)
("C:\Program Files (x86)\MiKTeX 2.9\tex\latex\placeins\placeins.sty"
Package: placeins 2005/04/18  v 2.2
)
("C:\Program Files (x86)\MiKTeX 2.9\tex\latex\base\inputenc.sty"
Package: inputenc 2008/03/30 v1.1d Input encoding file
\inpenc@prehook=\toks28
\inpenc@posthook=\toks29

("C:\Program Files (x86)\MiKTeX 2.9\tex\latex\base\latin1.def"
File: latin1.def 2008/03/30 v1.1d Input encoding file
))
("C:\Program Files (x86)\MiKTeX 2.9\tex\latex\base\fontenc.sty"
Package: fontenc 2005/09/27 v1.99g Standard LaTeX package

("C:\Program Files (x86)\MiKTeX 2.9\tex\latex\base\t1enc.def"
File: t1enc.def 2005/09/27 v1.99g Standard LaTeX file
LaTeX Font Info:    Redeclaring font encoding T1 on input line 43.
))
("C:\Program Files (x86)\MiKTeX 2.9\tex\latex\caption\caption.sty"
Package: caption 2013/05/02 v3.3-89 Customizing captions (AR)

("C:\Program Files (x86)\MiKTeX 2.9\tex\latex\caption\caption3.sty"
Package: caption3 2013/05/02 v1.6-88 caption3 kernel (AR)
Package caption3 Info: TeX engine: e-TeX on input line 57.
\captionmargin=\dimen127
\captionmargin@=\dimen128
\captionwidth=\dimen129
\caption@tempdima=\dimen130
\caption@indent=\dimen131
\caption@parindent=\dimen132
\caption@hangindent=\dimen133
)
\c@ContinuedFloat=\count105
Package caption Info: rotating package is loaded.
)
("C:\Program Files (x86)\MiKTeX 2.9\tex\latex\tools\tabularx.sty"
Package: tabularx 1999/01/07 v2.07 `tabularx' package (DPC)

("C:\Program Files (x86)\MiKTeX 2.9\tex\latex\tools\array.sty"
Package: array 2008/09/09 v2.4c Tabular extension package (FMi)
\col@sep=\dimen134
\extrarowheight=\dimen135
\NC@list=\toks30
\extratabsurround=\skip51
\backup@length=\skip52
)
\TX@col@width=\dimen136
\TX@old@table=\dimen137
\TX@old@col=\dimen138
\TX@target=\dimen139
\TX@delta=\dimen140
\TX@cols=\count106
\TX@ftn=\toks31
)
("C:\Users\larsn_000\Documents\GitHub\docs\Detailed Design Description (DDD)\F-
DDD-2014-V1.aux")
LaTeX Font Info:    Checking defaults for OML/cmm/m/it on input line 14.
LaTeX Font Info:    ... okay on input line 14.
LaTeX Font Info:    Checking defaults for T1/cmr/m/n on input line 14.
LaTeX Font Info:    ... okay on input line 14.
LaTeX Font Info:    Checking defaults for OT1/cmr/m/n on input line 14.
LaTeX Font Info:    ... okay on input line 14.
LaTeX Font Info:    Checking defaults for OMS/cmsy/m/n on input line 14.
LaTeX Font Info:    ... okay on input line 14.
LaTeX Font Info:    Checking defaults for OMX/cmex/m/n on input line 14.
LaTeX Font Info:    ... okay on input line 14.
LaTeX Font Info:    Checking defaults for U/cmr/m/n on input line 14.
LaTeX Font Info:    ... okay on input line 14.

("C:\Program Files (x86)\MiKTeX 2.9\tex\context\base\supp-pdf.mkii"
[Loading MPS to PDF converter (version 2006.09.02).]
\scratchcounter=\count107
\scratchdimen=\dimen141
\scratchbox=\box29
\nofMPsegments=\count108
\nofMParguments=\count109
\everyMPshowfont=\toks32
\MPscratchCnt=\count110
\MPscratchDim=\dimen142
\MPnumerator=\count111
\makeMPintoPDFobject=\count112
\everyMPtoPDFconversion=\toks33
)
Package caption Info: Begin \AtBeginDocument code.
Package caption Info: End \AtBeginDocument code.

("C:\Users\larsn_000\Documents\GitHub\docs\Detailed Design Description (DDD)\ti
tle.tex" <./images/logo.png, id=1, 286.1892pt x 101.178pt>
File: ./images/logo.png Graphic file (type png)

<use ./images/logo.png>
Package pdftex.def Info: ./images/logo.png used on input line 9.
(pdftex.def)             Requested size: 143.09424pt x 50.58887pt.

Underfull \hbox (badness 10000) in paragraph at lines 9--12

 []


Underfull \hbox (badness 10000) in paragraph at lines 9--12

 []


Underfull \hbox (badness 10000) in paragraph at lines 9--12

 []


Overfull \hbox (26.05417pt too wide) in paragraph at lines 31--31
[][]  
 []


Overfull \hbox (16.68704pt too wide) in paragraph at lines 32--32
[][]  
 []

[1

{C:/ProgramData/MiKTeX/2.9/pdftex/config/pdftex.map} <C:/Users/larsn_000/Docume
nts/GitHub/docs/Detailed Design Description (DDD)/images/logo.png>])
("C:\Users\larsn_000\Documents\GitHub\docs\Detailed Design Description (DDD)\F-
DDD-2014-V1.toc"
LaTeX Font Info:    Try loading font information for U+msa on input line 5.
 ("C:\Program Files (x86)\MiKTeX 2.9\tex\latex\amsfonts\umsa.fd"
File: umsa.fd 2013/01/14 v3.01 AMS symbols A
)
LaTeX Font Info:    Try loading font information for U+msb on input line 5.
 ("C:\Program Files (x86)\MiKTeX 2.9\tex\latex\amsfonts\umsb.fd"
File: umsb.fd 2013/01/14 v3.01 AMS symbols B
))
\tf@toc=\write3

("C:\Users\larsn_000\Documents\GitHub\docs\Detailed Design Description (DDD)\su
bfile\revision_history.tex"
Underfull \hbox (badness 10000) in paragraph at lines 4--4
[]|\T1/cmr/m/n/10.95 Ver.
 []


Overfull \hbox (2.10423pt too wide) in paragraph at lines 2--8
 [] 
 []

)
("C:\Users\larsn_000\Documents\GitHub\docs\Detailed Design Description (DDD)\su
bfile\stakeholder.tex"
Overfull \hbox (13.22214pt too wide) in paragraph at lines 2--11
 [] 
 []

)
("C:\Users\larsn_000\Documents\GitHub\docs\Detailed Design Description (DDD)\su
bfile\Subcontracter_information.tex")
("C:\Users\larsn_000\Documents\GitHub\docs\Detailed Design Description (DDD)\su
bfile\scope.tex")
("C:\Users\larsn_000\Documents\GitHub\docs\Detailed Design Description (DDD)\su
bfile\Identification.tex")
("C:\Users\larsn_000\Documents\GitHub\docs\Detailed Design Description (DDD)\su
bfile\System_overview.tex"
<./images/Systemoverview.jpg, id=11, 539.01375pt x 325.96782pt>
File: ./images/Systemoverview.jpg Graphic file (type jpg)

<use ./images/Systemoverview.jpg>
Package pdftex.def Info: ./images/Systemoverview.jpg used on input line 5.
(pdftex.def)             Requested size: 296.45847pt x 179.28284pt.
) [1]
("C:\Users\larsn_000\Documents\GitHub\docs\Detailed Design Description (DDD)\su
bfile\Document_overview.tex")
("C:\Users\larsn_000\Documents\GitHub\docs\Detailed Design Description (DDD)\su
bfile\system-wide_design_decisions.tex"
LaTeX Font Info:    Try loading font information for OMS+cmr on input line 6.

("C:\Program Files (x86)\MiKTeX 2.9\tex\latex\base\omscmr.fd"
File: omscmr.fd 1999/05/25 v2.5h Standard LaTeX font definitions
)
LaTeX Font Info:    Font shape `OMS/cmr/m/n' in size <10.95> not available
(Font)              Font shape `OMS/cmsy/m/n' tried instead on input line 6.
 [2 <C:/Users/larsn_000/Documents/GitHub/docs/Detailed Design Description (DDD)
/images/Systemoverview.jpg>])
("C:\Users\larsn_000\Documents\GitHub\docs\Detailed Design Description (DDD)\su
bfile\system_architectural_design.tex")
("C:\Users\larsn_000\Documents\GitHub\docs\Detailed Design Description (DDD)\su
bfile\system_components.tex"
<./images/hierarchical.png, id=22, 560.8453pt x 347.04657pt>
File: ./images/hierarchical.png Graphic file (type png)

<use ./images/hierarchical.png>
Package pdftex.def Info: ./images/hierarchical.png used on input line 4.
(pdftex.def)             Requested size: 280.42197pt x 173.52286pt.
 [3] [4 <C:/Users/larsn_000/Documents/GitHub/docs/Detailed Design Description (
DDD)/images/hierarchical.png>]
Overfull \hbox (5.90016pt too wide) in paragraph at lines 53--54
[]\T1/cmr/m/n/10.95 The sys-tem shall be able to dis-pense a pat-tern of pay-lo
ads pro-grammable
 []

[5]
Underfull \hbox (badness 10000) in paragraph at lines 75--76

 []

)
("C:\Users\larsn_000\Documents\GitHub\docs\Detailed Design Description (DDD)\su
bfile\concept_of_execution.tex"
<./images/signalOverview.png, id=32, 615.80063pt x 115.18031pt>
File: ./images/signalOverview.png Graphic file (type png)

<use ./images/signalOverview.png>
Package pdftex.def Info: ./images/signalOverview.png used on input line 7.
(pdftex.def)             Requested size: 338.69139pt x 63.34935pt.
File: ./images/hierarchical.png Graphic file (type png)
 <use ./images/hierarchical.png>
Package pdftex.def Info: ./images/hierarchical.png used on input line 18.
(pdftex.def)             Requested size: 336.50978pt x 208.22954pt.


LaTeX Warning: `h' float specifier changed to `ht'.

)
("C:\Users\larsn_000\Documents\GitHub\docs\Detailed Design Description (DDD)\su
bfile\interface_design.tex"
<./images/SignalFlowDiagramDDD_v2.png, id=33, 769.37437pt x 455.45157pt>
File: ./images/SignalFlowDiagramDDD_v2.png Graphic file (type png)

<use ./images/SignalFlowDiagramDDD_v2.png>
Package pdftex.def Info: ./images/SignalFlowDiagramDDD_v2.png used on input lin
e 6.
(pdftex.def)             Requested size: 384.68625pt x 227.72522pt.

Overfull \hbox (24.68625pt too wide) in paragraph at lines 6--6
 [][] 
 []


LaTeX Warning: `h' float specifier changed to `ht'.


Underfull \hbox (badness 10000) in paragraph at lines 24--24
[]|\T1/cmr/bx/n/10.95 Interface
 []


Underfull \hbox (badness 10000) in paragraph at lines 25--25
[]|\T1/cmr/m/n/10.95 Computer
 []


Underfull \hbox (badness 1448) in paragraph at lines 25--25
\T1/cmr/m/n/10.95 Pi-lot in-ter-
 []


Underfull \hbox (badness 10000) in paragraph at lines 25--25
[]|\T1/cmr/m/n/10.95 Pilot/Mission
 []


Underfull \hbox (badness 10000) in paragraph at lines 26--26
[]|\T1/cmr/m/n/10.95 Computer
 []


Overfull \hbox (2.60963pt too wide) in paragraph at lines 26--26
\T1/cmr/m/n/10.95 puter/Cockpit
 []


Overfull \hbox (3.4085pt too wide) in paragraph at lines 28--28
[]|\T1/cmr/m/n/10.95 Chaffs/flares
 []


Underfull \hbox (badness 1728) in paragraph at lines 28--28
\T1/cmr/m/n/10.95 mis-sile dis-
 []


Underfull \hbox (badness 10000) in paragraph at lines 28--28
[]|\T1/cmr/m/n/10.95 Chaffs and
 []


Underfull \hbox (badness 10000) in paragraph at lines 28--28
[]|\T1/cmr/m/n/10.95 Incoming
 []


Underfull \hbox (badness 10000) in paragraph at lines 29--29
[]|\T1/cmr/m/n/10.95 Dispenser
 []


Underfull \hbox (badness 10000) in paragraph at lines 29--29
\T1/cmr/m/n/10.95 Chaffs
 []


Underfull \hbox (badness 10000) in paragraph at lines 29--29
[]|\T1/cmr/m/n/10.95 Chaffs and
 []


Overfull \hbox (30.08752pt too wide) in paragraph at lines 22--31
[][] 
 []


LaTeX Warning: `h' float specifier changed to `ht'.

[6 <C:/Users/larsn_000/Documents/GitHub/docs/Detailed Design Description (DDD)/
images/signalOverview.png>]

LaTeX Warning: `h' float specifier changed to `ht'.

[7]
Overfull \hbox (23.83394pt too wide) in paragraph at lines 66--69
[]\T1/cmr/m/n/10.95 <<<<<<< HEAD ======= >>>>>>> dd97819ecd1e7e1a41804c58d23739
ef828ceca4 
 []


LaTeX Warning: Reference `fig:sigOverviewIdentification' on page 8 undefined on
 input line 71.


! LaTeX Error: Something's wrong--perhaps a missing \item.

See the LaTeX manual or LaTeX Companion for explanation.
Type  H <return>  for immediate help.
 ...                                              
                                                  
l.75 \item{
           Interface identification and diagrams.}\\
Try typing  <return>  to proceed.
If that doesn't work, type  X <return>  to quit.


! LaTeX Error: Something's wrong--perhaps a missing \item.

See the LaTeX manual or LaTeX Companion for explanation.
Type  H <return>  for immediate help.
 ...                                              
                                                  
l.75 \item{
           Interface identification and diagrams.}\\
Try typing  <return>  to proceed.
If that doesn't work, type  X <return>  to quit.


! LaTeX Error: Something's wrong--perhaps a missing \item.

See the LaTeX manual or LaTeX Companion for explanation.
Type  H <return>  for immediate help.
 ...                                              
                                                  
l.75 \item{
           Interface identification and diagrams.}\\
Try typing  <return>  to proceed.
If that doesn't work, type  X <return>  to quit.


! LaTeX Error: Something's wrong--perhaps a missing \item.

See the LaTeX manual or LaTeX Companion for explanation.
Type  H <return>  for immediate help.
 ...                                              
                                                  
l.77 \item{
           Project-unique identifier of interface}\\
Try typing  <return>  to proceed.
If that doesn't work, type  X <return>  to quit.


! LaTeX Error: Something's wrong--perhaps a missing \item.

See the LaTeX manual or LaTeX Companion for explanation.
Type  H <return>  for immediate help.
 ...                                              
                                                  
l.77 \item{
           Project-unique identifier of interface}\\
Try typing  <return>  to proceed.
If that doesn't work, type  X <return>  to quit.


! LaTeX Error: Something's wrong--perhaps a missing \item.

See the LaTeX manual or LaTeX Companion for explanation.
Type  H <return>  for immediate help.
 ...                                              
                                                  
l.77 \item{
           Project-unique identifier of interface}\\
Try typing  <return>  to proceed.
If that doesn't work, type  X <return>  to quit.


! LaTeX Error: Something's wrong--perhaps a missing \item.

See the LaTeX manual or LaTeX Companion for explanation.
Type  H <return>  for immediate help.
 ...                                              
                                                  
l.79 \end{itemize}
                  
Try typing  <return>  to proceed.
If that doesn't work, type  X <return>  to quit.


Underfull \hbox (badness 10000) in paragraph at lines 74--79

 []


! LaTeX Error: Lonely \item--perhaps a missing list environment.

See the LaTeX manual or LaTeX Companion for explanation.
Type  H <return>  for immediate help.
 ...                                              
                                                  
l.81 \item I
            -IF-MWSCTRL
Try typing  <return>  to proceed.
If that doesn't work, type  X <return>  to quit.


! LaTeX Error: Lonely \item--perhaps a missing list environment.

See the LaTeX manual or LaTeX Companion for explanation.
Type  H <return>  for immediate help.
 ...                                              
                                                  
l.82 \item I
            -IF-DISCTRL
Try typing  <return>  to proceed.
If that doesn't work, type  X <return>  to quit.


! LaTeX Error: Lonely \item--perhaps a missing list environment.

See the LaTeX manual or LaTeX Companion for explanation.
Type  H <return>  for immediate help.
 ...                                              
                                                  
l.83 \item I
            -IF-PODPWR
Try typing  <return>  to proceed.
If that doesn't work, type  X <return>  to quit.


! LaTeX Error: \begin{document} ended by \end{itemize}.

See the LaTeX manual or LaTeX Companion for explanation.
Type  H <return>  for immediate help.
 ...                                              
                                                  
l.84 \end{itemize}
                  
Your command was ignored.
Type  I <command> <return>  to replace it with another command,
or  <return>  to continue without it.

! Extra \endgroup.
<recently read> \endgroup 
                          
l.84 \end{itemize}
                  
Things are pretty mixed up, but I think the worst is over.


Underfull \hbox (badness 10000) in paragraph at lines 91--91
[]|\T1/cmr/bx/n/10.95 Interface
 []


Overfull \hbox (53.46439pt too wide) in paragraph at lines 89--96
 [] 
 []

[8 <C:/Users/larsn_000/Documents/GitHub/docs/Detailed Design Description (DDD)/
images/SignalFlowDiagramDDD_v2.png>]
Underfull \hbox (badness 10000) in paragraph at lines 123--123
[]|\T1/cmr/bx/n/10.95 Interface
 []


Underfull \hbox (badness 10000) in paragraph at lines 125--125
[]|\T1/cmr/m/n/10.95 Dispenser
 []


Overfull \hbox (45.91779pt too wide) in paragraph at lines 121--128
 [] 
 []


Underfull \hbox (badness 10000) in paragraph at lines 146--146
[]|\T1/cmr/bx/n/10.95 Interface
 []


Underfull \hbox (badness 4084) in paragraph at lines 148--148
[]|\T1/cmr/m/n/10.95 Pod power
 []


Underfull \hbox (badness 10000) in paragraph at lines 148--148
[]|\T1/cmr/m/n/10.95 Dispenser
 []


Overfull \hbox (12.56053pt too wide) in paragraph at lines 144--151
 [] 
 []

[9])
("C:\Users\larsn_000\Documents\GitHub\docs\Detailed Design Description (DDD)\su
bfile\requirements_traceability.tex"
<./images/TraceabilityMatrix.JPG, id=49, 230.36063pt x 558.58687pt>
File: ./images/TraceabilityMatrix.JPG Graphic file (type jpg)

<use ./images/TraceabilityMatrix.JPG>
Package pdftex.def Info: ./images/TraceabilityMatrix.JPG used on input line 5.
(pdftex.def)             Requested size: 230.36005pt x 558.58551pt.


LaTeX Warning: `h' float specifier changed to `ht'.

) [10] [11] [12 <C:/Users/larsn_000/Documents/GitHub/docs/Detailed Design Descr
iption (DDD)/images/TraceabilityMatrix.JPG>]
("C:\Users\larsn_000\Documents\GitHub\docs\Detailed Design Description (DDD)\F-
DDD-2014-V1.aux")

LaTeX Warning: There were undefined references.

 ) 
Here is how much of TeX's memory you used:
 3762 strings out of 493921
 55882 string characters out of 3144863
 116030 words of memory out of 3000000
 6958 multiletter control sequences out of 15000+200000
 15054 words of font info for 41 fonts, out of 3000000 for 9000
 841 hyphenation exceptions out of 8191
 36i,11n,38p,472b,400s stack positions out of 5000i,500n,10000p,200000b,50000s
 <C:\Users\larsn_000\AppData\Local\MiKTeX\2.9\fonts\pk\ljfour\jknappen\ec\dpi
600\ecbx1200.pk> <C:\Users\larsn_000\AppData\Local\MiKTeX\2.9\fonts\pk\ljfour\j
knappen\ec\dpi600\ecrm1095.pk> <C:\Users\larsn_000\AppData\Local\MiKTeX\2.9\fon
ts\pk\ljfour\jknappen\ec\dpi600\ecbx1440.pk> <C:\Users\larsn_000\AppData\Local\
MiKTeX\2.9\fonts\pk\ljfour\jknappen\ec\dpi600\eccc1200.pk> <C:\Users\larsn_000\
AppData\Local\MiKTeX\2.9\fonts\pk\ljfour\jknappen\ec\dpi600\ecti1200.pk> <C:\Us
ers\larsn_000\AppData\Local\MiKTeX\2.9\fonts\pk\ljfour\jknappen\ec\dpi600\ecbx1
095.pk> <C:\Users\larsn_000\AppData\Local\MiKTeX\2.9\fonts\pk\ljfour\jknappen\e
c\dpi600\ecrm1200.pk> <C:\Users\larsn_000\AppData\Local\MiKTeX\2.9\fonts\pk\ljf
our\jknappen\ec\dpi600\ecrm2074.pk><C:/Program Files (x86)/MiKTeX 2.9/fonts/typ
e1/public/amsfonts/cm/cmsy10.pfb>
Output written on F-DDD-2014-V1.pdf (13 pages, 351538 bytes).
PDF statistics:
 385 PDF objects out of 1000 (max. 8388607)
 0 named destinations out of 1000 (max. 500000)
 31 words of extra memory for PDF output out of 10000 (max. 10000000)

